  SampleMTCNN.cpp
g:\zqcnn-mtcnn-vs-libfacedetection\zqcnn\zqcnn\ZQ_CNN_Tensor4D.h(477): warning C4267: “初始化”: 从“size_t”转换到“int”，可能丢失数据
g:\zqcnn-mtcnn-vs-libfacedetection\zqcnn\zqcnn\ZQ_CNN_BBoxUtils.h(54): warning C4267: “初始化”: 从“size_t”转换到“int”，可能丢失数据
g:\zqcnn-mtcnn-vs-libfacedetection\zqcnn\zqcnn\ZQ_CNN_BBoxUtils.h(62): warning C4244: “=”: 从“int”转换到“float”，可能丢失数据
g:\zqcnn-mtcnn-vs-libfacedetection\zqcnn\zqcnn\ZQ_CNN_BBoxUtils.h(63): warning C4244: “=”: 从“int”转换到“float”，可能丢失数据
g:\zqcnn-mtcnn-vs-libfacedetection\zqcnn\zqcnn\ZQ_CNN_BBoxUtils.h(64): warning C4244: “=”: 从“int”转换到“float”，可能丢失数据
g:\zqcnn-mtcnn-vs-libfacedetection\zqcnn\zqcnn\ZQ_CNN_BBoxUtils.h(65): warning C4244: “=”: 从“int”转换到“float”，可能丢失数据
g:\zqcnn-mtcnn-vs-libfacedetection\zqcnn\zqcnn\ZQ_CNN_BBoxUtils.h(97): warning C4244: “初始化”: 从“double”转换到“int”，可能丢失数据
g:\zqcnn-mtcnn-vs-libfacedetection\zqcnn\zqcnn\ZQ_CNN_BBoxUtils.h(104): warning C4244: “=”: 从“int”转换到“float”，可能丢失数据
g:\zqcnn-mtcnn-vs-libfacedetection\zqcnn\zqcnn\ZQ_CNN_BBoxUtils.h(105): warning C4244: “=”: 从“int”转换到“float”，可能丢失数据
g:\zqcnn-mtcnn-vs-libfacedetection\zqcnn\zqcnn\ZQ_CNN_BBoxUtils.h(106): warning C4244: “=”: 从“int”转换到“float”，可能丢失数据
g:\zqcnn-mtcnn-vs-libfacedetection\zqcnn\zqcnn\ZQ_CNN_BBoxUtils.h(107): warning C4244: “=”: 从“int”转换到“float”，可能丢失数据
g:\zqcnn-mtcnn-vs-libfacedetection\zqcnn\zqcnn\ZQ_CNN_BBoxUtils.h(146): warning C4267: “初始化”: 从“size_t”转换到“int”，可能丢失数据
g:\zqcnn-mtcnn-vs-libfacedetection\zqcnn\zqcnn\ZQ_CNN_BBoxUtils.h(165): warning C4244: “=”: 从“int”转换到“float”，可能丢失数据
g:\zqcnn-mtcnn-vs-libfacedetection\zqcnn\zqcnn\ZQ_CNN_BBoxUtils.h(166): warning C4244: “=”: 从“int”转换到“float”，可能丢失数据
g:\zqcnn-mtcnn-vs-libfacedetection\zqcnn\zqcnn\ZQ_CNN_BBoxUtils.h(177): warning C4244: “=”: 从“double”转换到“float”，可能丢失数据
g:\zqcnn-mtcnn-vs-libfacedetection\zqcnn\zqcnn\ZQ_CNN_BBoxUtils.h(178): warning C4244: “=”: 从“double”转换到“float”，可能丢失数据
g:\zqcnn-mtcnn-vs-libfacedetection\zqcnn\zqcnn\ZQ_CNN_BBoxUtils.h(179): warning C4244: “=”: 从“float”转换到“int”，可能丢失数据
g:\zqcnn-mtcnn-vs-libfacedetection\zqcnn\zqcnn\ZQ_CNN_BBoxUtils.h(180): warning C4244: “=”: 从“float”转换到“int”，可能丢失数据
g:\zqcnn-mtcnn-vs-libfacedetection\zqcnn\zqcnn\ZQ_CNN_BBoxUtils.h(181): warning C4244: “=”: 从“float”转换到“int”，可能丢失数据
g:\zqcnn-mtcnn-vs-libfacedetection\zqcnn\zqcnn\ZQ_CNN_BBoxUtils.h(182): warning C4244: “=”: 从“float”转换到“int”，可能丢失数据
g:\zqcnn-mtcnn-vs-libfacedetection\zqcnn\zqcnn\ZQ_CNN_BBoxUtils.h(186): warning C4244: “=”: 从“float”转换到“int”，可能丢失数据
g:\zqcnn-mtcnn-vs-libfacedetection\zqcnn\zqcnn\ZQ_CNN_BBoxUtils.h(187): warning C4244: “=”: 从“float”转换到“int”，可能丢失数据
g:\zqcnn-mtcnn-vs-libfacedetection\zqcnn\zqcnn\ZQ_CNN_BBoxUtils.h(188): warning C4244: “=”: 从“float”转换到“int”，可能丢失数据
g:\zqcnn-mtcnn-vs-libfacedetection\zqcnn\zqcnn\ZQ_CNN_BBoxUtils.h(189): warning C4244: “=”: 从“float”转换到“int”，可能丢失数据
g:\zqcnn-mtcnn-vs-libfacedetection\zqcnn\zqcnn\ZQ_CNN_BBoxUtils.h(198): warning C4244: “=”: 从“int”转换到“float”，可能丢失数据
g:\zqcnn-mtcnn-vs-libfacedetection\zqcnn\zqcnn\ZQ_CNN_BBoxUtils.h(212): warning C4244: “=”: 从“int”转换到“float”，可能丢失数据
g:\zqcnn-mtcnn-vs-libfacedetection\zqcnn\zqcnn\ZQ_CNN_BBoxUtils.h(213): warning C4244: “=”: 从“int”转换到“float”，可能丢失数据
g:\zqcnn-mtcnn-vs-libfacedetection\zqcnn\zqcnn\ZQ_CNN_BBoxUtils.h(214): warning C4244: “=”: 从“int”转换到“float”，可能丢失数据
g:\zqcnn-mtcnn-vs-libfacedetection\zqcnn\zqcnn\ZQ_CNN_BBoxUtils.h(215): warning C4244: “=”: 从“int”转换到“float”，可能丢失数据
g:\zqcnn-mtcnn-vs-libfacedetection\zqcnn\zqcnn\ZQ_CNN_BBoxUtils.h(217): warning C4244: “=”: 从“double”转换到“float”，可能丢失数据
g:\zqcnn-mtcnn-vs-libfacedetection\zqcnn\zqcnn\ZQ_CNN_BBoxUtils.h(218): warning C4244: “=”: 从“double”转换到“float”，可能丢失数据
g:\zqcnn-mtcnn-vs-libfacedetection\zqcnn\zqcnn\ZQ_CNN_BBoxUtils.h(219): warning C4244: “=”: 从“float”转换到“int”，可能丢失数据
g:\zqcnn-mtcnn-vs-libfacedetection\zqcnn\zqcnn\ZQ_CNN_BBoxUtils.h(220): warning C4244: “=”: 从“float”转换到“int”，可能丢失数据
g:\zqcnn-mtcnn-vs-libfacedetection\zqcnn\zqcnn\ZQ_CNN_BBoxUtils.h(221): warning C4244: “=”: 从“float”转换到“int”，可能丢失数据
g:\zqcnn-mtcnn-vs-libfacedetection\zqcnn\zqcnn\ZQ_CNN_BBoxUtils.h(222): warning C4244: “=”: 从“float”转换到“int”，可能丢失数据
g:\zqcnn-mtcnn-vs-libfacedetection\zqcnn\zqcnn\ZQ_CNN_BBoxUtils.h(230): warning C4244: “=”: 从“int”转换到“float”，可能丢失数据
g:\zqcnn-mtcnn-vs-libfacedetection\zqcnn\zqcnn\ZQ_CNN_BBoxUtils.h(283): warning C4267: “初始化”: 从“size_t”转换到“int”，可能丢失数据
g:\zqcnn-mtcnn-vs-libfacedetection\zqcnn\zqcnn\ZQ_CNN_BBoxUtils.h(341): warning C4244: “初始化”: 从“double”转换到“float”，可能丢失数据
g:\zqcnn-mtcnn-vs-libfacedetection\zqcnn\zqcnn\ZQ_CNN_BBoxUtils.h(342): warning C4244: “初始化”: 从“double”转换到“float”，可能丢失数据
g:\zqcnn-mtcnn-vs-libfacedetection\zqcnn\zqcnn\ZQ_CNN_BBoxUtils.h(364): warning C4244: “=”: 从“double”转换到“float”，可能丢失数据
g:\zqcnn-mtcnn-vs-libfacedetection\zqcnn\zqcnn\ZQ_CNN_BBoxUtils.h(365): warning C4244: “=”: 从“double”转换到“float”，可能丢失数据
g:\zqcnn-mtcnn-vs-libfacedetection\zqcnn\zqcnn\ZQ_CNN_BBoxUtils.h(366): warning C4244: “=”: 从“double”转换到“float”，可能丢失数据
g:\zqcnn-mtcnn-vs-libfacedetection\zqcnn\zqcnn\ZQ_CNN_BBoxUtils.h(367): warning C4244: “=”: 从“double”转换到“float”，可能丢失数据
g:\zqcnn-mtcnn-vs-libfacedetection\zqcnn\zqcnn\ZQ_CNN_Forward_SSEUtils.h(399): warning C4244: “初始化”: 从“int”转换到“float”，可能丢失数据
g:\zqcnn-mtcnn-vs-libfacedetection\zqcnn\zqcnn\ZQ_CNN_Forward_SSEUtils.h(483): warning C4244: “初始化”: 从“int”转换到“float”，可能丢失数据
g:\zqcnn-mtcnn-vs-libfacedetection\zqcnn\zqcnn\ZQ_CNN_Forward_SSEUtils.h(653): warning C4244: “初始化”: 从“int”转换到“float”，可能丢失数据
g:\zqcnn-mtcnn-vs-libfacedetection\zqcnn\zqcnn\ZQ_CNN_Forward_SSEUtils.h(811): warning C4244: “=”: 从“float”转换到“int”，可能丢失数据
g:\zqcnn-mtcnn-vs-libfacedetection\zqcnn\zqcnn\ZQ_CNN_Forward_SSEUtils.h(812): warning C4244: “=”: 从“float”转换到“int”，可能丢失数据
g:\zqcnn-mtcnn-vs-libfacedetection\zqcnn\zqcnn\ZQ_CNN_Forward_SSEUtils.h(874): warning C4244: “=”: 从“float”转换到“int”，可能丢失数据
g:\zqcnn-mtcnn-vs-libfacedetection\zqcnn\zqcnn\ZQ_CNN_Forward_SSEUtils.h(875): warning C4244: “=”: 从“float”转换到“int”，可能丢失数据
g:\zqcnn-mtcnn-vs-libfacedetection\zqcnn\zqcnn\ZQ_CNN_Forward_SSEUtils.h(1192): warning C4244: “=”: 从“double”转换到“float”，可能丢失数据
g:\zqcnn-mtcnn-vs-libfacedetection\zqcnn\zqcnn\ZQ_CNN_Forward_SSEUtils.h(1220): warning C4244: “=”: 从“double”转换到“float”，可能丢失数据
g:\zqcnn-mtcnn-vs-libfacedetection\zqcnn\zqcnn\ZQ_CNN_Forward_SSEUtils.h(1247): warning C4244: “=”: 从“double”转换到“float”，可能丢失数据
g:\zqcnn-mtcnn-vs-libfacedetection\zqcnn\zqcnn\ZQ_CNN_Forward_SSEUtils.h(1364): warning C4267: “初始化”: 从“size_t”转换到“int”，可能丢失数据
g:\zqcnn-mtcnn-vs-libfacedetection\zqcnn\zqcnn\ZQ_CNN_Forward_SSEUtils.h(1420): warning C4267: “初始化”: 从“size_t”转换到“int”，可能丢失数据
g:\zqcnn-mtcnn-vs-libfacedetection\zqcnn\zqcnn\ZQ_CNN_Forward_SSEUtils.h(1474): warning C4267: “初始化”: 从“size_t”转换到“int”，可能丢失数据
g:\zqcnn-mtcnn-vs-libfacedetection\zqcnn\zqcnn\ZQ_CNN_Forward_SSEUtils.h(1528): warning C4267: “初始化”: 从“size_t”转换到“int”，可能丢失数据
g:\zqcnn-mtcnn-vs-libfacedetection\zqcnn\zqcnn\ZQ_CNN_Layer.h(54): warning C4267: “初始化”: 从“size_t”转换到“int”，可能丢失数据
g:\zqcnn-mtcnn-vs-libfacedetection\zqcnn\zqcnn\ZQ_CNN_Layer.h(74): warning C4267: “初始化”: 从“size_t”转换到“int”，可能丢失数据
g:\zqcnn-mtcnn-vs-libfacedetection\zqcnn\zqcnn\ZQ_CNN_Layer.h(100): warning C4267: “初始化”: 从“size_t”转换到“int”，可能丢失数据
g:\zqcnn-mtcnn-vs-libfacedetection\zqcnn\zqcnn\ZQ_CNN_Layer.h(161): warning C4267: “初始化”: 从“size_t”转换到“int”，可能丢失数据
g:\zqcnn-mtcnn-vs-libfacedetection\zqcnn\zqcnn\ZQ_CNN_Layer.h(295): warning C4244: “=”: 从“double”转换到“float”，可能丢失数据
g:\zqcnn-mtcnn-vs-libfacedetection\zqcnn\zqcnn\ZQ_CNN_Layer.h(318): warning C4244: “=”: 从“double”转换到“float”，可能丢失数据
g:\zqcnn-mtcnn-vs-libfacedetection\zqcnn\zqcnn\ZQ_CNN_Layer.h(343): warning C4244: “=”: 从“double”转换到“float”，可能丢失数据
g:\zqcnn-mtcnn-vs-libfacedetection\zqcnn\zqcnn\ZQ_CNN_Layer.h(365): warning C4244: “=”: 从“double”转换到“float”，可能丢失数据
g:\zqcnn-mtcnn-vs-libfacedetection\zqcnn\zqcnn\ZQ_CNN_Layer.h(385): warning C4267: “初始化”: 从“size_t”转换到“int”，可能丢失数据
g:\zqcnn-mtcnn-vs-libfacedetection\zqcnn\zqcnn\ZQ_CNN_Layer.h(499): warning C4800: “int”: 将值强制为布尔值“true”或“false”(性能警告)
g:\zqcnn-mtcnn-vs-libfacedetection\zqcnn\zqcnn\ZQ_CNN_Layer.h(600): warning C4244: “=”: 从“float”转换到“int”，可能丢失数据
g:\zqcnn-mtcnn-vs-libfacedetection\zqcnn\zqcnn\ZQ_CNN_Layer.h(601): warning C4244: “=”: 从“float”转换到“int”，可能丢失数据
g:\zqcnn-mtcnn-vs-libfacedetection\zqcnn\zqcnn\ZQ_CNN_Layer.h(804): warning C4244: “=”: 从“double”转换到“float”，可能丢失数据
g:\zqcnn-mtcnn-vs-libfacedetection\zqcnn\zqcnn\ZQ_CNN_Layer.h(825): warning C4244: “=”: 从“double”转换到“float”，可能丢失数据
g:\zqcnn-mtcnn-vs-libfacedetection\zqcnn\zqcnn\ZQ_CNN_Layer.h(847): warning C4244: “=”: 从“double”转换到“float”，可能丢失数据
g:\zqcnn-mtcnn-vs-libfacedetection\zqcnn\zqcnn\ZQ_CNN_Layer.h(866): warning C4267: “初始化”: 从“size_t”转换到“int”，可能丢失数据
g:\zqcnn-mtcnn-vs-libfacedetection\zqcnn\zqcnn\ZQ_CNN_Layer.h(980): warning C4800: “int”: 将值强制为布尔值“true”或“false”(性能警告)
g:\zqcnn-mtcnn-vs-libfacedetection\zqcnn\zqcnn\ZQ_CNN_Layer.h(1084): warning C4244: “=”: 从“float”转换到“int”，可能丢失数据
g:\zqcnn-mtcnn-vs-libfacedetection\zqcnn\zqcnn\ZQ_CNN_Layer.h(1085): warning C4244: “=”: 从“float”转换到“int”，可能丢失数据
g:\zqcnn-mtcnn-vs-libfacedetection\zqcnn\zqcnn\ZQ_CNN_Layer.h(1258): warning C4244: “=”: 从“double”转换到“float”，可能丢失数据
g:\zqcnn-mtcnn-vs-libfacedetection\zqcnn\zqcnn\ZQ_CNN_Layer.h(1270): warning C4267: “初始化”: 从“size_t”转换到“int”，可能丢失数据
g:\zqcnn-mtcnn-vs-libfacedetection\zqcnn\zqcnn\ZQ_CNN_Layer.h(1284): warning C4244: “=”: 从“double”转换到“float”，可能丢失数据
g:\zqcnn-mtcnn-vs-libfacedetection\zqcnn\zqcnn\ZQ_CNN_Layer.h(1314): warning C4800: “int”: 将值强制为布尔值“true”或“false”(性能警告)
g:\zqcnn-mtcnn-vs-libfacedetection\zqcnn\zqcnn\ZQ_CNN_Layer.h(1531): warning C4018: “>”: 有符号/无符号不匹配
g:\zqcnn-mtcnn-vs-libfacedetection\zqcnn\zqcnn\ZQ_CNN_Layer.h(1549): warning C4018: “>”: 有符号/无符号不匹配
g:\zqcnn-mtcnn-vs-libfacedetection\zqcnn\zqcnn\ZQ_CNN_Layer.h(1612): warning C4244: “=”: 从“double”转换到“float”，可能丢失数据
g:\zqcnn-mtcnn-vs-libfacedetection\zqcnn\zqcnn\ZQ_CNN_Layer.h(1624): warning C4267: “初始化”: 从“size_t”转换到“int”，可能丢失数据
g:\zqcnn-mtcnn-vs-libfacedetection\zqcnn\zqcnn\ZQ_CNN_Layer.h(1638): warning C4244: “=”: 从“double”转换到“float”，可能丢失数据
g:\zqcnn-mtcnn-vs-libfacedetection\zqcnn\zqcnn\ZQ_CNN_Layer.h(1813): warning C4018: “>”: 有符号/无符号不匹配
g:\zqcnn-mtcnn-vs-libfacedetection\zqcnn\zqcnn\ZQ_CNN_Layer.h(1865): warning C4244: “=”: 从“double”转换到“float”，可能丢失数据
g:\zqcnn-mtcnn-vs-libfacedetection\zqcnn\zqcnn\ZQ_CNN_Layer.h(1877): warning C4244: “=”: 从“double”转换到“float”，可能丢失数据
g:\zqcnn-mtcnn-vs-libfacedetection\zqcnn\zqcnn\ZQ_CNN_Layer.h(1890): warning C4267: “初始化”: 从“size_t”转换到“int”，可能丢失数据
g:\zqcnn-mtcnn-vs-libfacedetection\zqcnn\zqcnn\ZQ_CNN_Layer.h(1903): warning C4800: “int”: 将值强制为布尔值“true”或“false”(性能警告)
g:\zqcnn-mtcnn-vs-libfacedetection\zqcnn\zqcnn\ZQ_CNN_Layer.h(2149): warning C4244: “=”: 从“double”转换到“float”，可能丢失数据
g:\zqcnn-mtcnn-vs-libfacedetection\zqcnn\zqcnn\ZQ_CNN_Layer.h(2161): warning C4267: “初始化”: 从“size_t”转换到“int”，可能丢失数据
g:\zqcnn-mtcnn-vs-libfacedetection\zqcnn\zqcnn\ZQ_CNN_Layer.h(2344): warning C4244: “=”: 从“double”转换到“float”，可能丢失数据
g:\zqcnn-mtcnn-vs-libfacedetection\zqcnn\zqcnn\ZQ_CNN_Layer.h(2356): warning C4267: “初始化”: 从“size_t”转换到“int”，可能丢失数据
g:\zqcnn-mtcnn-vs-libfacedetection\zqcnn\zqcnn\ZQ_CNN_Layer.h(2370): warning C4244: “=”: 从“double”转换到“float”，可能丢失数据
g:\zqcnn-mtcnn-vs-libfacedetection\zqcnn\zqcnn\ZQ_CNN_Layer.h(2492): warning C4244: “=”: 从“double”转换到“float”，可能丢失数据
g:\zqcnn-mtcnn-vs-libfacedetection\zqcnn\zqcnn\ZQ_CNN_Layer.h(2502): warning C4244: “=”: 从“double”转换到“float”，可能丢失数据
g:\zqcnn-mtcnn-vs-libfacedetection\zqcnn\zqcnn\ZQ_CNN_Layer.h(2520): warning C4267: “初始化”: 从“size_t”转换到“int”，可能丢失数据
g:\zqcnn-mtcnn-vs-libfacedetection\zqcnn\zqcnn\ZQ_CNN_Layer.h(2665): warning C4244: “=”: 从“float”转换到“int”，可能丢失数据
g:\zqcnn-mtcnn-vs-libfacedetection\zqcnn\zqcnn\ZQ_CNN_Layer.h(2666): warning C4244: “=”: 从“float”转换到“int”，可能丢失数据
g:\zqcnn-mtcnn-vs-libfacedetection\zqcnn\zqcnn\ZQ_CNN_Layer.h(2728): warning C4244: “=”: 从“double”转换到“float”，可能丢失数据
g:\zqcnn-mtcnn-vs-libfacedetection\zqcnn\zqcnn\ZQ_CNN_Layer.h(2745): warning C4244: “=”: 从“double”转换到“float”，可能丢失数据
g:\zqcnn-mtcnn-vs-libfacedetection\zqcnn\zqcnn\ZQ_CNN_Layer.h(2758): warning C4267: “初始化”: 从“size_t”转换到“int”，可能丢失数据
g:\zqcnn-mtcnn-vs-libfacedetection\zqcnn\zqcnn\ZQ_CNN_Layer.h(2806): warning C4800: “int”: 将值强制为布尔值“true”或“false”(性能警告)
g:\zqcnn-mtcnn-vs-libfacedetection\zqcnn\zqcnn\ZQ_CNN_Layer.h(2949): warning C4267: “初始化”: 从“size_t”转换到“int”，可能丢失数据
g:\zqcnn-mtcnn-vs-libfacedetection\zqcnn\zqcnn\ZQ_CNN_Layer.h(2968): warning C4267: “=”: 从“size_t”转换到“int”，可能丢失数据
g:\zqcnn-mtcnn-vs-libfacedetection\zqcnn\zqcnn\ZQ_CNN_Layer.h(3085): warning C4244: “=”: 从“double”转换到“float”，可能丢失数据
g:\zqcnn-mtcnn-vs-libfacedetection\zqcnn\zqcnn\ZQ_CNN_Layer.h(3096): warning C4267: “初始化”: 从“size_t”转换到“int”，可能丢失数据
g:\zqcnn-mtcnn-vs-libfacedetection\zqcnn\zqcnn\ZQ_CNN_Layer.h(3225): warning C4244: “=”: 从“double”转换到“float”，可能丢失数据
g:\zqcnn-mtcnn-vs-libfacedetection\zqcnn\zqcnn\ZQ_CNN_Layer.h(3236): warning C4267: “初始化”: 从“size_t”转换到“int”，可能丢失数据
g:\zqcnn-mtcnn-vs-libfacedetection\zqcnn\zqcnn\ZQ_CNN_Layer.h(3250): warning C4244: “=”: 从“double”转换到“float”，可能丢失数据
g:\zqcnn-mtcnn-vs-libfacedetection\zqcnn\zqcnn\ZQ_CNN_Layer.h(3361): warning C4244: “=”: 从“double”转换到“float”，可能丢失数据
g:\zqcnn-mtcnn-vs-libfacedetection\zqcnn\zqcnn\ZQ_CNN_Layer.h(3372): warning C4267: “初始化”: 从“size_t”转换到“int”，可能丢失数据
g:\zqcnn-mtcnn-vs-libfacedetection\zqcnn\zqcnn\ZQ_CNN_Layer.h(3519): warning C4244: “=”: 从“double”转换到“float”，可能丢失数据
g:\zqcnn-mtcnn-vs-libfacedetection\zqcnn\zqcnn\ZQ_CNN_Layer.h(3531): warning C4267: “初始化”: 从“size_t”转换到“int”，可能丢失数据
g:\zqcnn-mtcnn-vs-libfacedetection\zqcnn\zqcnn\ZQ_CNN_Layer.h(3597): warning C4244: “参数”: 从“double”转换到“float”，可能丢失数据
g:\zqcnn-mtcnn-vs-libfacedetection\zqcnn\zqcnn\ZQ_CNN_Layer.h(3708): warning C4244: “参数”: 从“double”转换到“float”，可能丢失数据
g:\zqcnn-mtcnn-vs-libfacedetection\zqcnn\zqcnn\ZQ_CNN_Layer.h(3710): warning C4244: “参数”: 从“double”转换到“float”，可能丢失数据
g:\zqcnn-mtcnn-vs-libfacedetection\zqcnn\zqcnn\ZQ_CNN_Layer.h(3767): warning C4244: “=”: 从“double”转换到“float”，可能丢失数据
g:\zqcnn-mtcnn-vs-libfacedetection\zqcnn\zqcnn\ZQ_CNN_Layer.h(3778): warning C4267: “初始化”: 从“size_t”转换到“int”，可能丢失数据
g:\zqcnn-mtcnn-vs-libfacedetection\zqcnn\zqcnn\ZQ_CNN_Layer.h(3868): warning C4244: “=”: 从“double”转换到“float”，可能丢失数据
g:\zqcnn-mtcnn-vs-libfacedetection\zqcnn\zqcnn\ZQ_CNN_Layer.h(3978): warning C4244: “参数”: 从“double”转换到“float”，可能丢失数据
g:\zqcnn-mtcnn-vs-libfacedetection\zqcnn\zqcnn\ZQ_CNN_Layer.h(3980): warning C4244: “参数”: 从“double”转换到“float”，可能丢失数据
g:\zqcnn-mtcnn-vs-libfacedetection\zqcnn\zqcnn\ZQ_CNN_Layer.h(4037): warning C4244: “=”: 从“double”转换到“float”，可能丢失数据
g:\zqcnn-mtcnn-vs-libfacedetection\zqcnn\zqcnn\ZQ_CNN_Layer.h(4048): warning C4267: “初始化”: 从“size_t”转换到“int”，可能丢失数据
g:\zqcnn-mtcnn-vs-libfacedetection\zqcnn\zqcnn\ZQ_CNN_Layer.h(4140): warning C4267: “初始化”: 从“size_t”转换到“int”，可能丢失数据
g:\zqcnn-mtcnn-vs-libfacedetection\zqcnn\zqcnn\ZQ_CNN_Layer.h(4227): warning C4244: “=”: 从“double”转换到“float”，可能丢失数据
g:\zqcnn-mtcnn-vs-libfacedetection\zqcnn\zqcnn\ZQ_CNN_Layer.h(4246): warning C4267: “初始化”: 从“size_t”转换到“int”，可能丢失数据
g:\zqcnn-mtcnn-vs-libfacedetection\zqcnn\zqcnn\ZQ_CNN_Layer.h(4303): warning C4244: “=”: 从“double”转换到“float”，可能丢失数据
g:\zqcnn-mtcnn-vs-libfacedetection\zqcnn\zqcnn\ZQ_CNN_Layer.h(4311): warning C4244: “=”: 从“double”转换到“float”，可能丢失数据
g:\zqcnn-mtcnn-vs-libfacedetection\zqcnn\zqcnn\ZQ_CNN_Layer.h(4319): warning C4244: “=”: 从“double”转换到“float”，可能丢失数据
g:\zqcnn-mtcnn-vs-libfacedetection\zqcnn\zqcnn\ZQ_CNN_Layer.h(4391): warning C4305: “初始化”: 从“double”到“float”截断
g:\zqcnn-mtcnn-vs-libfacedetection\zqcnn\zqcnn\ZQ_CNN_Layer.h(4426): warning C4267: “初始化”: 从“size_t”转换到“int”，可能丢失数据
g:\zqcnn-mtcnn-vs-libfacedetection\zqcnn\zqcnn\ZQ_CNN_Layer.h(4449): warning C4244: “=”: 从“double”转换到“float”，可能丢失数据
g:\zqcnn-mtcnn-vs-libfacedetection\zqcnn\zqcnn\ZQ_CNN_Layer.h(4603): warning C4244: “=”: 从“double”转换到“float”，可能丢失数据
g:\zqcnn-mtcnn-vs-libfacedetection\zqcnn\zqcnn\ZQ_CNN_Layer.h(4614): warning C4267: “初始化”: 从“size_t”转换到“int”，可能丢失数据
g:\zqcnn-mtcnn-vs-libfacedetection\zqcnn\zqcnn\ZQ_CNN_Layer.h(4769): warning C4244: “=”: 从“double”转换到“float”，可能丢失数据
g:\zqcnn-mtcnn-vs-libfacedetection\zqcnn\zqcnn\ZQ_CNN_Layer.h(4780): warning C4267: “初始化”: 从“size_t”转换到“int”，可能丢失数据
g:\zqcnn-mtcnn-vs-libfacedetection\zqcnn\zqcnn\ZQ_CNN_Layer.h(4937): warning C4244: “=”: 从“double”转换到“float”，可能丢失数据
g:\zqcnn-mtcnn-vs-libfacedetection\zqcnn\zqcnn\ZQ_CNN_Layer.h(4948): warning C4267: “初始化”: 从“size_t”转换到“int”，可能丢失数据
g:\zqcnn-mtcnn-vs-libfacedetection\zqcnn\zqcnn\ZQ_CNN_Layer.h(5068): warning C4267: “初始化”: 从“size_t”转换到“int”，可能丢失数据
g:\zqcnn-mtcnn-vs-libfacedetection\zqcnn\zqcnn\ZQ_CNN_Layer.h(5163): warning C4244: “=”: 从“double”转换到“float”，可能丢失数据
g:\zqcnn-mtcnn-vs-libfacedetection\zqcnn\zqcnn\ZQ_CNN_Layer.h(5174): warning C4267: “初始化”: 从“size_t”转换到“int”，可能丢失数据
g:\zqcnn-mtcnn-vs-libfacedetection\zqcnn\zqcnn\ZQ_CNN_Layer.h(5213): warning C4244: “参数”: 从“double”转换到“float”，可能丢失数据
g:\zqcnn-mtcnn-vs-libfacedetection\zqcnn\zqcnn\ZQ_CNN_Layer.h(5220): warning C4244: “参数”: 从“double”转换到“float”，可能丢失数据
g:\zqcnn-mtcnn-vs-libfacedetection\zqcnn\zqcnn\ZQ_CNN_Layer.h(5227): warning C4244: “参数”: 从“double”转换到“float”，可能丢失数据
g:\zqcnn-mtcnn-vs-libfacedetection\zqcnn\zqcnn\ZQ_CNN_Layer.h(5234): warning C4244: “参数”: 从“double”转换到“float”，可能丢失数据
g:\zqcnn-mtcnn-vs-libfacedetection\zqcnn\zqcnn\ZQ_CNN_Layer.h(5241): warning C4800: “int”: 将值强制为布尔值“true”或“false”(性能警告)
g:\zqcnn-mtcnn-vs-libfacedetection\zqcnn\zqcnn\ZQ_CNN_Layer.h(5248): warning C4800: “int”: 将值强制为布尔值“true”或“false”(性能警告)
g:\zqcnn-mtcnn-vs-libfacedetection\zqcnn\zqcnn\ZQ_CNN_Layer.h(5281): warning C4244: “=”: 从“int”转换到“float”，可能丢失数据
g:\zqcnn-mtcnn-vs-libfacedetection\zqcnn\zqcnn\ZQ_CNN_Layer.h(5291): warning C4244: “=”: 从“int”转换到“float”，可能丢失数据
g:\zqcnn-mtcnn-vs-libfacedetection\zqcnn\zqcnn\ZQ_CNN_Layer.h(5299): warning C4244: “=”: 从“int”转换到“float”，可能丢失数据
g:\zqcnn-mtcnn-vs-libfacedetection\zqcnn\zqcnn\ZQ_CNN_Layer.h(5307): warning C4244: “=”: 从“double”转换到“float”，可能丢失数据
g:\zqcnn-mtcnn-vs-libfacedetection\zqcnn\zqcnn\ZQ_CNN_Layer.h(5414): warning C4267: “=”: 从“size_t”转换到“int”，可能丢失数据
g:\zqcnn-mtcnn-vs-libfacedetection\zqcnn\zqcnn\ZQ_CNN_Layer.h(5456): warning C4305: “参数”: 从“double”到“float”截断
g:\zqcnn-mtcnn-vs-libfacedetection\zqcnn\zqcnn\ZQ_CNN_Layer.h(5483): warning C4244: “=”: 从“double”转换到“float”，可能丢失数据
g:\zqcnn-mtcnn-vs-libfacedetection\zqcnn\zqcnn\ZQ_CNN_Layer.h(5534): warning C4267: “=”: 从“size_t”转换到“int”，可能丢失数据
g:\zqcnn-mtcnn-vs-libfacedetection\zqcnn\zqcnn\ZQ_CNN_Layer.h(5581): warning C4305: “参数”: 从“double”到“float”截断
g:\zqcnn-mtcnn-vs-libfacedetection\zqcnn\zqcnn\ZQ_CNN_Layer.h(5628): warning C4244: “=”: 从“double”转换到“float”，可能丢失数据
g:\zqcnn-mtcnn-vs-libfacedetection\zqcnn\zqcnn\ZQ_CNN_Layer.h(5639): warning C4267: “初始化”: 从“size_t”转换到“int”，可能丢失数据
g:\zqcnn-mtcnn-vs-libfacedetection\zqcnn\zqcnn\ZQ_CNN_Layer.h(5678): warning C4244: “参数”: 从“double”转换到“float”，可能丢失数据
g:\zqcnn-mtcnn-vs-libfacedetection\zqcnn\zqcnn\ZQ_CNN_Layer.h(5685): warning C4244: “参数”: 从“double”转换到“float”，可能丢失数据
g:\zqcnn-mtcnn-vs-libfacedetection\zqcnn\zqcnn\ZQ_CNN_Layer.h(5692): warning C4244: “参数”: 从“double”转换到“float”，可能丢失数据
g:\zqcnn-mtcnn-vs-libfacedetection\zqcnn\zqcnn\ZQ_CNN_Layer.h(5699): warning C4800: “int”: 将值强制为布尔值“true”或“false”(性能警告)
g:\zqcnn-mtcnn-vs-libfacedetection\zqcnn\zqcnn\ZQ_CNN_Layer.h(5706): warning C4244: “=”: 从“int”转换到“float”，可能丢失数据
g:\zqcnn-mtcnn-vs-libfacedetection\zqcnn\zqcnn\ZQ_CNN_Layer.h(5716): warning C4244: “=”: 从“int”转换到“float”，可能丢失数据
g:\zqcnn-mtcnn-vs-libfacedetection\zqcnn\zqcnn\ZQ_CNN_Layer.h(5724): warning C4244: “=”: 从“int”转换到“float”，可能丢失数据
g:\zqcnn-mtcnn-vs-libfacedetection\zqcnn\zqcnn\ZQ_CNN_Layer.h(5732): warning C4244: “=”: 从“double”转换到“float”，可能丢失数据
g:\zqcnn-mtcnn-vs-libfacedetection\zqcnn\zqcnn\ZQ_CNN_Layer.h(5829): warning C4267: “=”: 从“size_t”转换到“int”，可能丢失数据
g:\zqcnn-mtcnn-vs-libfacedetection\zqcnn\zqcnn\ZQ_CNN_Layer.h(5854): warning C4244: “=”: 从“double”转换到“float”，可能丢失数据
g:\zqcnn-mtcnn-vs-libfacedetection\zqcnn\zqcnn\ZQ_CNN_Layer.h(5865): warning C4267: “初始化”: 从“size_t”转换到“int”，可能丢失数据
g:\zqcnn-mtcnn-vs-libfacedetection\zqcnn\zqcnn\ZQ_CNN_Layer.h(6017): warning C4244: “=”: 从“double”转换到“float”，可能丢失数据
g:\zqcnn-mtcnn-vs-libfacedetection\zqcnn\zqcnn\ZQ_CNN_Layer.h(6028): warning C4267: “初始化”: 从“size_t”转换到“int”，可能丢失数据
g:\zqcnn-mtcnn-vs-libfacedetection\zqcnn\zqcnn\ZQ_CNN_Layer.h(6073): warning C4800: “int”: 将值强制为布尔值“true”或“false”(性能警告)
g:\zqcnn-mtcnn-vs-libfacedetection\zqcnn\zqcnn\ZQ_CNN_Layer.h(6087): warning C4244: “=”: 从“double”转换到“float”，可能丢失数据
g:\zqcnn-mtcnn-vs-libfacedetection\zqcnn\zqcnn\ZQ_CNN_Layer.h(6101): warning C4244: “=”: 从“double”转换到“float”，可能丢失数据
g:\zqcnn-mtcnn-vs-libfacedetection\zqcnn\zqcnn\ZQ_CNN_Layer.h(6137): warning C4244: “=”: 从“double”转换到“float”，可能丢失数据
g:\zqcnn-mtcnn-vs-libfacedetection\zqcnn\zqcnn\ZQ_CNN_Layer.h(6144): warning C4800: “int”: 将值强制为布尔值“true”或“false”(性能警告)
g:\zqcnn-mtcnn-vs-libfacedetection\zqcnn\zqcnn\ZQ_CNN_Layer.h(6237): warning C4244: “=”: 从“double”转换到“float”，可能丢失数据
g:\zqcnn-mtcnn-vs-libfacedetection\zqcnn\zqcnn\ZQ_CNN_Layer.h(6248): warning C4267: “初始化”: 从“size_t”转换到“int”，可能丢失数据
g:\zqcnn-mtcnn-vs-libfacedetection\zqcnn\zqcnn\ZQ_CNN_Layer.h(6286): warning C4244: “=”: 从“double”转换到“float”，可能丢失数据
g:\zqcnn-mtcnn-vs-libfacedetection\zqcnn\zqcnn\ZQ_CNN_Layer.h(6307): warning C4244: “=”: 从“double”转换到“float”，可能丢失数据
g:\zqcnn-mtcnn-vs-libfacedetection\zqcnn\zqcnn\ZQ_CNN_Layer.h(6314): warning C4244: “参数”: 从“double”转换到“float”，可能丢失数据
g:\zqcnn-mtcnn-vs-libfacedetection\zqcnn\zqcnn\ZQ_CNN_Layer.h(6321): warning C4800: “int”: 将值强制为布尔值“true”或“false”(性能警告)
g:\zqcnn-mtcnn-vs-libfacedetection\zqcnn\zqcnn\ZQ_CNN_Layer.h(6416): warning C4244: “=”: 从“double”转换到“float”，可能丢失数据
g:\zqcnn-mtcnn-vs-libfacedetection\zqcnn\zqcnn\ZQ_CNN_Layer.h(6427): warning C4267: “初始化”: 从“size_t”转换到“int”，可能丢失数据
g:\zqcnn-mtcnn-vs-libfacedetection\zqcnn\zqcnn\ZQ_CNN_Layer.h(6470): warning C4800: “int”: 将值强制为布尔值“true”或“false”(性能警告)
g:\zqcnn-mtcnn-vs-libfacedetection\zqcnn\zqcnn\ZQ_CNN_Layer.h(6624): warning C4244: “=”: 从“double”转换到“float”，可能丢失数据
g:\zqcnn-mtcnn-vs-libfacedetection\zqcnn\zqcnn\ZQ_CNN_Layer.h(6635): warning C4267: “初始化”: 从“size_t”转换到“int”，可能丢失数据
g:\zqcnn-mtcnn-vs-libfacedetection\zqcnn\zqcnn\ZQ_CNN_Layer.h(6760): warning C4244: “=”: 从“double”转换到“float”，可能丢失数据
g:\zqcnn-mtcnn-vs-libfacedetection\zqcnn\zqcnn\ZQ_CNN_Layer.h(6771): warning C4267: “初始化”: 从“size_t”转换到“int”，可能丢失数据
G:\ZQCNN-MTCNN-vs-libfacedetection\ZQCNN\ZQCNN\ZQ_CNN_Net.h(960): warning C4267: “初始化”: 从“size_t”转换到“int”，可能丢失数据
G:\ZQCNN-MTCNN-vs-libfacedetection\ZQCNN\ZQCNN\ZQ_CNN_Net.h(989): warning C4267: “初始化”: 从“size_t”转换到“int”，可能丢失数据
G:\ZQCNN-MTCNN-vs-libfacedetection\ZQCNN\ZQCNN\ZQ_CNN_Net.h(1018): warning C4267: “初始化”: 从“size_t”转换到“int”，可能丢失数据
G:\ZQCNN-MTCNN-vs-libfacedetection\ZQCNN\ZQCNN\ZQ_CNN_Net.h(1053): warning C4267: “=”: 从“size_t”转换到“int”，可能丢失数据
G:\ZQCNN-MTCNN-vs-libfacedetection\ZQCNN\ZQCNN\ZQ_CNN_Net.h(1066): warning C4267: “初始化”: 从“size_t”转换到“int”，可能丢失数据
G:\ZQCNN-MTCNN-vs-libfacedetection\ZQCNN\ZQCNN\ZQ_CNN_Net.h(1084): warning C4267: “参数”: 从“size_t”转换到“int”，可能丢失数据
G:\ZQCNN-MTCNN-vs-libfacedetection\ZQCNN\ZQCNN\ZQ_CNN_Net.h(1098): warning C4267: “初始化”: 从“size_t”转换到“int”，可能丢失数据
G:\ZQCNN-MTCNN-vs-libfacedetection\ZQCNN\ZQCNN\ZQ_CNN_Net.h(1116): warning C4267: “参数”: 从“size_t”转换到“int”，可能丢失数据
G:\ZQCNN-MTCNN-vs-libfacedetection\ZQCNN\ZQCNN\ZQ_CNN_Net.h(1127): warning C4267: “=”: 从“size_t”转换到“int”，可能丢失数据
G:\ZQCNN-MTCNN-vs-libfacedetection\ZQCNN\ZQCNN\ZQ_CNN_Net.h(1140): warning C4267: “初始化”: 从“size_t”转换到“int”，可能丢失数据
G:\ZQCNN-MTCNN-vs-libfacedetection\ZQCNN\ZQCNN\ZQ_CNN_Net.h(1141): warning C4267: “初始化”: 从“size_t”转换到“int”，可能丢失数据
G:\ZQCNN-MTCNN-vs-libfacedetection\ZQCNN\ZQCNN\ZQ_CNN_Net.h(1607): warning C4267: “初始化”: 从“size_t”转换到“int”，可能丢失数据
G:\ZQCNN-MTCNN-vs-libfacedetection\ZQCNN\ZQCNN\ZQ_CNN_Net.h(1608): warning C4267: “初始化”: 从“size_t”转换到“int”，可能丢失数据
G:\ZQCNN-MTCNN-vs-libfacedetection\ZQCNN\ZQCNN\ZQ_CNN_MTCNN_old.h(16): warning C4305: “=”: 从“double”到“float”截断
G:\ZQCNN-MTCNN-vs-libfacedetection\ZQCNN\ZQCNN\ZQ_CNN_MTCNN_old.h(17): warning C4305: “=”: 从“double”到“float”截断
G:\ZQCNN-MTCNN-vs-libfacedetection\ZQCNN\ZQCNN\ZQ_CNN_MTCNN_old.h(18): warning C4305: “=”: 从“double”到“float”截断
G:\ZQCNN-MTCNN-vs-libfacedetection\ZQCNN\ZQCNN\ZQ_CNN_MTCNN_old.h(19): warning C4305: “=”: 从“double”到“float”截断
G:\ZQCNN-MTCNN-vs-libfacedetection\ZQCNN\ZQCNN\ZQ_CNN_MTCNN_old.h(20): warning C4305: “=”: 从“double”到“float”截断
G:\ZQCNN-MTCNN-vs-libfacedetection\ZQCNN\ZQCNN\ZQ_CNN_MTCNN_old.h(21): warning C4305: “=”: 从“double”到“float”截断
G:\ZQCNN-MTCNN-vs-libfacedetection\ZQCNN\ZQCNN\ZQ_CNN_MTCNN_old.h(24): warning C4305: “=”: 从“double”到“float”截断
G:\ZQCNN-MTCNN-vs-libfacedetection\ZQCNN\ZQCNN\ZQ_CNN_MTCNN_old.h(64): warning C4244: “=”: 从“double”转换到“float”，可能丢失数据
G:\ZQCNN-MTCNN-vs-libfacedetection\ZQCNN\ZQCNN\ZQ_CNN_MTCNN_old.h(65): warning C4244: “=”: 从“double”转换到“float”，可能丢失数据
G:\ZQCNN-MTCNN-vs-libfacedetection\ZQCNN\ZQCNN\ZQ_CNN_MTCNN_old.h(66): warning C4244: “=”: 从“double”转换到“float”，可能丢失数据
G:\ZQCNN-MTCNN-vs-libfacedetection\ZQCNN\ZQCNN\ZQ_CNN_MTCNN_old.h(77): warning C4244: “初始化”: 从“int”转换到“float”，可能丢失数据
G:\ZQCNN-MTCNN-vs-libfacedetection\ZQCNN\ZQCNN\ZQ_CNN_MTCNN_old.h(87): warning C4244: “=”: 从“int”转换到“float”，可能丢失数据
G:\ZQCNN-MTCNN-vs-libfacedetection\ZQCNN\ZQCNN\ZQ_CNN_MTCNN_old.h(88): warning C4267: “初始化”: 从“size_t”转换到“int”，可能丢失数据
G:\ZQCNN-MTCNN-vs-libfacedetection\ZQCNN\ZQCNN\ZQ_CNN_MTCNN_old.h(89): warning C4267: “初始化”: 从“size_t”转换到“int”，可能丢失数据
G:\ZQCNN-MTCNN-vs-libfacedetection\ZQCNN\ZQCNN\ZQ_CNN_MTCNN_old.h(105): warning C4244: “初始化”: 从“float”转换到“int”，可能丢失数据
G:\ZQCNN-MTCNN-vs-libfacedetection\ZQCNN\ZQCNN\ZQ_CNN_MTCNN_old.h(218): warning C4244: “=”: 从“float”转换到“int”，可能丢失数据
G:\ZQCNN-MTCNN-vs-libfacedetection\ZQCNN\ZQCNN\ZQ_CNN_MTCNN_old.h(219): warning C4244: “=”: 从“float”转换到“int”，可能丢失数据
G:\ZQCNN-MTCNN-vs-libfacedetection\ZQCNN\ZQCNN\ZQ_CNN_MTCNN_old.h(220): warning C4244: “=”: 从“float”转换到“int”，可能丢失数据
G:\ZQCNN-MTCNN-vs-libfacedetection\ZQCNN\ZQCNN\ZQ_CNN_MTCNN_old.h(221): warning C4244: “=”: 从“float”转换到“int”，可能丢失数据
G:\ZQCNN-MTCNN-vs-libfacedetection\ZQCNN\ZQCNN\ZQ_CNN_MTCNN_old.h(226): warning C4244: “=”: 从“int”转换到“float”，可能丢失数据
G:\ZQCNN-MTCNN-vs-libfacedetection\ZQCNN\ZQCNN\ZQ_CNN_MTCNN_old.h(236): warning C4267: “初始化”: 从“size_t”转换到“int”，可能丢失数据
G:\ZQCNN-MTCNN-vs-libfacedetection\ZQCNN\ZQCNN\ZQ_CNN_MTCNN_old.h(238): warning C4267: “初始化”: 从“size_t”转换到“int”，可能丢失数据
G:\ZQCNN-MTCNN-vs-libfacedetection\ZQCNN\ZQCNN\ZQ_CNN_MTCNN_old.h(284): warning C4244: “=”: 从“float”转换到“int”，可能丢失数据
G:\ZQCNN-MTCNN-vs-libfacedetection\ZQCNN\ZQCNN\ZQ_CNN_MTCNN_old.h(285): warning C4244: “=”: 从“float”转换到“int”，可能丢失数据
G:\ZQCNN-MTCNN-vs-libfacedetection\ZQCNN\ZQCNN\ZQ_CNN_MTCNN_old.h(286): warning C4244: “=”: 从“float”转换到“int”，可能丢失数据
G:\ZQCNN-MTCNN-vs-libfacedetection\ZQCNN\ZQCNN\ZQ_CNN_MTCNN_old.h(287): warning C4244: “=”: 从“float”转换到“int”，可能丢失数据
G:\ZQCNN-MTCNN-vs-libfacedetection\ZQCNN\ZQCNN\ZQ_CNN_MTCNN_old.h(294): warning C4244: “=”: 从“int”转换到“float”，可能丢失数据
G:\ZQCNN-MTCNN-vs-libfacedetection\ZQCNN\ZQCNN\ZQ_CNN_MTCNN_old.h(302): warning C4267: “初始化”: 从“size_t”转换到“int”，可能丢失数据
G:\ZQCNN-MTCNN-vs-libfacedetection\ZQCNN\ZQCNN\ZQ_CNN_MTCNN_old.h(304): warning C4267: “初始化”: 从“size_t”转换到“int”，可能丢失数据
G:\ZQCNN-MTCNN-vs-libfacedetection\ZQCNN\ZQCNN\ZQ_CNN_MTCNN_old.h(422): warning C4244: “=”: 从“int”转换到“float”，可能丢失数据
G:\ZQCNN-MTCNN-vs-libfacedetection\ZQCNN\ZQCNN\ZQ_CNN_MTCNN_old.h(438): warning C4267: “初始化”: 从“size_t”转换到“int”，可能丢失数据
G:\ZQCNN-MTCNN-vs-libfacedetection\ZQCNN\ZQCNN\ZQ_CNN_MTCNN_old.h(518): warning C4244: “=”: 从“int”转换到“float”，可能丢失数据
G:\ZQCNN-MTCNN-vs-libfacedetection\ZQCNN\ZQCNN\ZQ_CNN_MTCNN_old.h(534): warning C4267: “初始化”: 从“size_t”转换到“int”，可能丢失数据
G:\ZQCNN-MTCNN-vs-libfacedetection\ZQCNN\ZQCNN\ZQ_CNN_MTCNN.h(16): warning C4305: “=”: 从“double”到“float”截断
G:\ZQCNN-MTCNN-vs-libfacedetection\ZQCNN\ZQCNN\ZQ_CNN_MTCNN.h(17): warning C4305: “=”: 从“double”到“float”截断
G:\ZQCNN-MTCNN-vs-libfacedetection\ZQCNN\ZQCNN\ZQ_CNN_MTCNN.h(18): warning C4305: “=”: 从“double”到“float”截断
G:\ZQCNN-MTCNN-vs-libfacedetection\ZQCNN\ZQCNN\ZQ_CNN_MTCNN.h(19): warning C4305: “=”: 从“double”到“float”截断
G:\ZQCNN-MTCNN-vs-libfacedetection\ZQCNN\ZQCNN\ZQ_CNN_MTCNN.h(20): warning C4305: “=”: 从“double”到“float”截断
G:\ZQCNN-MTCNN-vs-libfacedetection\ZQCNN\ZQCNN\ZQ_CNN_MTCNN.h(21): warning C4305: “=”: 从“double”到“float”截断
G:\ZQCNN-MTCNN-vs-libfacedetection\ZQCNN\ZQCNN\ZQ_CNN_MTCNN.h(24): warning C4305: “=”: 从“double”到“float”截断
G:\ZQCNN-MTCNN-vs-libfacedetection\ZQCNN\ZQCNN\ZQ_CNN_MTCNN.h(88): warning C4305: “参数”: 从“double”到“float”截断
G:\ZQCNN-MTCNN-vs-libfacedetection\ZQCNN\ZQCNN\ZQ_CNN_MTCNN.h(89): warning C4305: “参数”: 从“double”到“float”截断
G:\ZQCNN-MTCNN-vs-libfacedetection\ZQCNN\ZQCNN\ZQ_CNN_MTCNN.h(90): warning C4305: “参数”: 从“double”到“float”截断
G:\ZQCNN-MTCNN-vs-libfacedetection\ZQCNN\ZQCNN\ZQ_CNN_MTCNN.h(92): warning C4305: “参数”: 从“double”到“float”截断
G:\ZQCNN-MTCNN-vs-libfacedetection\ZQCNN\ZQCNN\ZQ_CNN_MTCNN.h(148): warning C4305: “参数”: 从“double”到“float”截断
G:\ZQCNN-MTCNN-vs-libfacedetection\ZQCNN\ZQCNN\ZQ_CNN_MTCNN.h(149): warning C4305: “参数”: 从“double”到“float”截断
G:\ZQCNN-MTCNN-vs-libfacedetection\ZQCNN\ZQCNN\ZQ_CNN_MTCNN.h(150): warning C4305: “参数”: 从“double”到“float”截断
G:\ZQCNN-MTCNN-vs-libfacedetection\ZQCNN\ZQCNN\ZQ_CNN_MTCNN.h(152): warning C4305: “参数”: 从“double”到“float”截断
G:\ZQCNN-MTCNN-vs-libfacedetection\ZQCNN\ZQCNN\ZQ_CNN_MTCNN.h(188): warning C4244: “=”: 从“double”转换到“float”，可能丢失数据
G:\ZQCNN-MTCNN-vs-libfacedetection\ZQCNN\ZQCNN\ZQ_CNN_MTCNN.h(189): warning C4244: “=”: 从“double”转换到“float”，可能丢失数据
G:\ZQCNN-MTCNN-vs-libfacedetection\ZQCNN\ZQCNN\ZQ_CNN_MTCNN.h(190): warning C4244: “=”: 从“double”转换到“float”，可能丢失数据
G:\ZQCNN-MTCNN-vs-libfacedetection\ZQCNN\ZQCNN\ZQ_CNN_MTCNN.h(198): warning C4305: “=”: 从“double”到“float”截断
G:\ZQCNN-MTCNN-vs-libfacedetection\ZQCNN\ZQCNN\ZQ_CNN_MTCNN.h(200): warning C4305: “=”: 从“double”到“float”截断
G:\ZQCNN-MTCNN-vs-libfacedetection\ZQCNN\ZQCNN\ZQ_CNN_MTCNN.h(207): warning C4244: “初始化”: 从“int”转换到“float”，可能丢失数据
G:\ZQCNN-MTCNN-vs-libfacedetection\ZQCNN\ZQCNN\ZQ_CNN_MTCNN.h(217): warning C4244: “=”: 从“int”转换到“float”，可能丢失数据
G:\ZQCNN-MTCNN-vs-libfacedetection\ZQCNN\ZQCNN\ZQ_CNN_MTCNN.h(218): warning C4267: “初始化”: 从“size_t”转换到“int”，可能丢失数据
G:\ZQCNN-MTCNN-vs-libfacedetection\ZQCNN\ZQCNN\ZQ_CNN_MTCNN.h(219): warning C4267: “初始化”: 从“size_t”转换到“int”，可能丢失数据
G:\ZQCNN-MTCNN-vs-libfacedetection\ZQCNN\ZQCNN\ZQ_CNN_MTCNN.h(235): warning C4244: “初始化”: 从“float”转换到“int”，可能丢失数据
G:\ZQCNN-MTCNN-vs-libfacedetection\ZQCNN\ZQCNN\ZQ_CNN_MTCNN.h(511): warning C4267: “初始化”: 从“size_t”转换到“int”，可能丢失数据
G:\ZQCNN-MTCNN-vs-libfacedetection\ZQCNN\ZQCNN\ZQ_CNN_MTCNN.h(687): warning C4244: “=”: 从“int”转换到“float”，可能丢失数据
G:\ZQCNN-MTCNN-vs-libfacedetection\ZQCNN\ZQCNN\ZQ_CNN_MTCNN.h(697): warning C4267: “初始化”: 从“size_t”转换到“int”，可能丢失数据
G:\ZQCNN-MTCNN-vs-libfacedetection\ZQCNN\ZQCNN\ZQ_CNN_MTCNN.h(699): warning C4267: “初始化”: 从“size_t”转换到“int”，可能丢失数据
G:\ZQCNN-MTCNN-vs-libfacedetection\ZQCNN\ZQCNN\ZQ_CNN_MTCNN.h(703): warning C4244: “=”: 从“float”转换到“int”，可能丢失数据
G:\ZQCNN-MTCNN-vs-libfacedetection\ZQCNN\ZQCNN\ZQ_CNN_MTCNN.h(704): warning C4244: “=”: 从“float”转换到“int”，可能丢失数据
G:\ZQCNN-MTCNN-vs-libfacedetection\ZQCNN\ZQCNN\ZQ_CNN_MTCNN.h(705): warning C4244: “=”: 从“float”转换到“int”，可能丢失数据
G:\ZQCNN-MTCNN-vs-libfacedetection\ZQCNN\ZQCNN\ZQ_CNN_MTCNN.h(706): warning C4244: “=”: 从“float”转换到“int”，可能丢失数据
G:\ZQCNN-MTCNN-vs-libfacedetection\ZQCNN\ZQCNN\ZQ_CNN_MTCNN.h(707): warning C4244: “=”: 从“int”转换到“float”，可能丢失数据
G:\ZQCNN-MTCNN-vs-libfacedetection\ZQCNN\ZQCNN\ZQ_CNN_MTCNN.h(736): warning C4244: “初始化”: 从“float”转换到“int”，可能丢失数据
G:\ZQCNN-MTCNN-vs-libfacedetection\ZQCNN\ZQCNN\ZQ_CNN_MTCNN.h(761): warning C4244: “=”: 从“int”转换到“float”，可能丢失数据
G:\ZQCNN-MTCNN-vs-libfacedetection\ZQCNN\ZQCNN\ZQ_CNN_MTCNN.h(769): warning C4267: “初始化”: 从“size_t”转换到“int”，可能丢失数据
G:\ZQCNN-MTCNN-vs-libfacedetection\ZQCNN\ZQCNN\ZQ_CNN_MTCNN.h(771): warning C4267: “初始化”: 从“size_t”转换到“int”，可能丢失数据
G:\ZQCNN-MTCNN-vs-libfacedetection\ZQCNN\ZQCNN\ZQ_CNN_MTCNN.h(801): warning C4244: “=”: 从“int”转换到“float”，可能丢失数据
G:\ZQCNN-MTCNN-vs-libfacedetection\ZQCNN\ZQCNN\ZQ_CNN_MTCNN.h(809): warning C4267: “初始化”: 从“size_t”转换到“int”，可能丢失数据
G:\ZQCNN-MTCNN-vs-libfacedetection\ZQCNN\ZQCNN\ZQ_CNN_MTCNN.h(811): warning C4267: “初始化”: 从“size_t”转换到“int”，可能丢失数据
G:\ZQCNN-MTCNN-vs-libfacedetection\ZQCNN\ZQCNN\ZQ_CNN_MTCNN.h(835): warning C4267: “=”: 从“size_t”转换到“int”，可能丢失数据
G:\ZQCNN-MTCNN-vs-libfacedetection\ZQCNN\ZQCNN\ZQ_CNN_MTCNN.h(839): warning C4244: “=”: 从“float”转换到“int”，可能丢失数据
G:\ZQCNN-MTCNN-vs-libfacedetection\ZQCNN\ZQCNN\ZQ_CNN_MTCNN.h(840): warning C4244: “=”: 从“float”转换到“int”，可能丢失数据
G:\ZQCNN-MTCNN-vs-libfacedetection\ZQCNN\ZQCNN\ZQ_CNN_MTCNN.h(841): warning C4244: “=”: 从“float”转换到“int”，可能丢失数据
G:\ZQCNN-MTCNN-vs-libfacedetection\ZQCNN\ZQCNN\ZQ_CNN_MTCNN.h(842): warning C4244: “=”: 从“float”转换到“int”，可能丢失数据
G:\ZQCNN-MTCNN-vs-libfacedetection\ZQCNN\ZQCNN\ZQ_CNN_MTCNN.h(843): warning C4244: “=”: 从“int”转换到“float”，可能丢失数据
G:\ZQCNN-MTCNN-vs-libfacedetection\ZQCNN\ZQCNN\ZQ_CNN_MTCNN.h(921): warning C4244: “初始化”: 从“float”转换到“int”，可能丢失数据
G:\ZQCNN-MTCNN-vs-libfacedetection\ZQCNN\ZQCNN\ZQ_CNN_MTCNN.h(925): warning C4244: “=”: 从“float”转换到“int”，可能丢失数据
G:\ZQCNN-MTCNN-vs-libfacedetection\ZQCNN\ZQCNN\ZQ_CNN_MTCNN.h(984): warning C4244: “=”: 从“int”转换到“float”，可能丢失数据
G:\ZQCNN-MTCNN-vs-libfacedetection\ZQCNN\ZQCNN\ZQ_CNN_MTCNN.h(998): warning C4267: “初始化”: 从“size_t”转换到“int”，可能丢失数据
G:\ZQCNN-MTCNN-vs-libfacedetection\ZQCNN\ZQCNN\ZQ_CNN_MTCNN.h(1032): warning C4244: “=”: 从“int”转换到“float”，可能丢失数据
G:\ZQCNN-MTCNN-vs-libfacedetection\ZQCNN\ZQCNN\ZQ_CNN_MTCNN.h(1046): warning C4267: “初始化”: 从“size_t”转换到“int”，可能丢失数据
G:\ZQCNN-MTCNN-vs-libfacedetection\ZQCNN\ZQCNN\ZQ_CNN_MTCNN.h(1057): warning C4267: “+=”: 从“size_t”转换到“int”，可能丢失数据
G:\ZQCNN-MTCNN-vs-libfacedetection\ZQCNN\ZQCNN\ZQ_CNN_MTCNN.h(1076): warning C4267: “=”: 从“size_t”转换到“int”，可能丢失数据
G:\ZQCNN-MTCNN-vs-libfacedetection\ZQCNN\ZQCNN\ZQ_CNN_MTCNN.h(1129): warning C4244: “初始化”: 从“float”转换到“int”，可能丢失数据
G:\ZQCNN-MTCNN-vs-libfacedetection\ZQCNN\ZQCNN\ZQ_CNN_MTCNN.h(1133): warning C4244: “=”: 从“float”转换到“int”，可能丢失数据
G:\ZQCNN-MTCNN-vs-libfacedetection\ZQCNN\ZQCNN\ZQ_CNN_MTCNN.h(1212): warning C4244: “=”: 从“int”转换到“float”，可能丢失数据
G:\ZQCNN-MTCNN-vs-libfacedetection\ZQCNN\ZQCNN\ZQ_CNN_MTCNN.h(1227): warning C4267: “初始化”: 从“size_t”转换到“int”，可能丢失数据
G:\ZQCNN-MTCNN-vs-libfacedetection\ZQCNN\ZQCNN\ZQ_CNN_MTCNN.h(1281): warning C4244: “=”: 从“int”转换到“float”，可能丢失数据
G:\ZQCNN-MTCNN-vs-libfacedetection\ZQCNN\ZQCNN\ZQ_CNN_MTCNN.h(1296): warning C4267: “初始化”: 从“size_t”转换到“int”，可能丢失数据
G:\ZQCNN-MTCNN-vs-libfacedetection\ZQCNN\ZQCNN\ZQ_CNN_MTCNN.h(1307): warning C4267: “+=”: 从“size_t”转换到“int”，可能丢失数据
G:\ZQCNN-MTCNN-vs-libfacedetection\ZQCNN\ZQCNN\ZQ_CNN_MTCNN.h(1384): warning C4244: “初始化”: 从“float”转换到“int”，可能丢失数据
G:\ZQCNN-MTCNN-vs-libfacedetection\ZQCNN\ZQCNN\ZQ_CNN_MTCNN.h(1388): warning C4244: “=”: 从“float”转换到“int”，可能丢失数据
G:\ZQCNN-MTCNN-vs-libfacedetection\ZQCNN\ZQCNN\ZQ_CNN_MTCNN.h(1486): warning C4267: “+=”: 从“size_t”转换到“int”，可能丢失数据
G:\ZQCNN-MTCNN-vs-libfacedetection\ZQCNN\ZQCNN\ZQ_CNN_MTCNN.h(1551): warning C4244: “初始化”: 从“float”转换到“int”，可能丢失数据
G:\ZQCNN-MTCNN-vs-libfacedetection\ZQCNN\ZQCNN\ZQ_CNN_MTCNN.h(1555): warning C4244: “=”: 从“float”转换到“int”，可能丢失数据
G:\ZQCNN-MTCNN-vs-libfacedetection\ZQCNN\ZQCNN\ZQ_CNN_MTCNN.h(1672): warning C4267: “+=”: 从“size_t”转换到“int”，可能丢失数据
SampleMTCNN.cpp(42): warning C4244: “参数”: 从“float”转换到“int”，可能丢失数据
SampleMTCNN.cpp(68): warning C4244: “参数”: 从“float”转换到“int”，可能丢失数据
SampleMTCNN.cpp(194): warning C4305: “参数”: 从“double”到“float”截断
SampleMTCNN.cpp(212): warning C4305: “参数”: 从“double”到“float”截断
SampleMTCNN.cpp(226): warning C4267: “参数”: 从“size_t”转换到“int”，可能丢失数据
SampleMTCNN.cpp(235): warning C4267: “参数”: 从“size_t”转换到“int”，可能丢失数据
  正在生成代码
  All 4265 functions were compiled because no usable IPDB/IOBJ from previous compilation was found.
  已完成代码的生成
  SampleMTCNN.vcxproj -> G:\ZQCNN-MTCNN-vs-libfacedetection\ZQCNN\x64\Release\SampleMTCNN.exe
  SampleMTCNN.vcxproj -> G:\ZQCNN-MTCNN-vs-libfacedetection\ZQCNN\x64\Release\SampleMTCNN.pdb (Full PDB)
